e:\gamedemo\strandedengine\strandedengine\debug\vc120.pdb
e:\gamedemo\strandedengine\strandedengine\debug\vc120.idb
e:\gamedemo\strandedengine\strandedengine\debug\directinput.obj
e:\gamedemo\strandedengine\strandedengine\debug\frustum.obj
e:\gamedemo\strandedengine\strandedengine\debug\gui.obj
e:\gamedemo\strandedengine\strandedengine\debug\logsystem.obj
e:\gamedemo\strandedengine\strandedengine\debug\matrix.obj
e:\gamedemo\strandedengine\strandedengine\debug\objloader.obj
e:\gamedemo\strandedengine\strandedengine\debug\plane.obj
e:\gamedemo\strandedengine\strandedengine\debug\polygon.obj
e:\gamedemo\strandedengine\strandedengine\debug\propertyscript.obj
e:\gamedemo\strandedengine\strandedengine\debug\quaternion.obj
e:\gamedemo\strandedengine\strandedengine\debug\rainps.obj
e:\gamedemo\strandedengine\strandedengine\debug\ray.obj
e:\gamedemo\strandedengine\strandedengine\debug\route.obj
e:\gamedemo\strandedengine\strandedengine\debug\token.obj
e:\gamedemo\strandedengine\strandedengine\debug\umfloader.obj
e:\gamedemo\strandedengine\strandedengine\debug\vector.obj
e:\gamedemo\strandedengine\strandedengine\debug\boundinggeometry.obj
e:\gamedemo\strandedengine\strandedengine\debug\camera.obj
e:\gamedemo\strandedengine\strandedengine\debug\commandscript.obj
e:\gamedemo\strandedengine\strandedengine\debug\strandedengine.tlog\cl.command.1.tlog
e:\gamedemo\strandedengine\strandedengine\debug\strandedengine.tlog\cl.read.1.tlog
e:\gamedemo\strandedengine\strandedengine\debug\strandedengine.tlog\cl.write.1.tlog
