生成启动时间为 2015/10/21 12:54:27。
     1>项目“E:\GameDemo\GameDemo\GameDemo.vcxproj”在节点 2 上(Rebuild 个目标)。
     1>ClCompile:
         C:\Program Files\Microsoft Visual Studio 12.0\VC\bin\CL.exe /c /Zi /nologo /W3 /WX- /O2 /Oi /Oy- /GL /D WIN32 /D NDEBUG /D _WINDOWS /Gm- /EHsc /MD /GS /Gy /fp:precise /Zc:wchar_t /Zc:forScope /Fo"Release\\" /Fd"Release\vc120.pdb" /Gd /TP /analyze- /errorReport:prompt game.cpp gameEngine.cpp level.cpp main.cpp menu.cpp
         game.cpp
     1>e:\dxsdk\include\d3d9types.h(1385): warning C4819: 该文件包含不能在当前代码页(936)中表示的字符。请将该文件保存为 Unicode 格式以防止数据丢失
         E:\DXSDK\Include\dinput.h: DIRECTINPUT_VERSION undefined. Defaulting to version 0x0800
     1>e:\dxsdk\include\dmerror.h(12): warning C4005: “FACILITY_DIRECTMUSIC”: 宏重定义
                 C:\Program Files\Windows Kits\8.1\Include\shared\winerror.h(162) : 参见“FACILITY_DIRECTMUSIC”的前一个定义
     1>game.cpp(204): warning C4305: “参数”: 从“double”到“float”截断
     1>game.cpp(210): warning C4305: “参数”: 从“double”到“float”截断
     1>game.cpp(226): warning C4305: “参数”: 从“double”到“float”截断
     1>game.cpp(235): warning C4305: “参数”: 从“double”到“float”截断
     1>game.cpp(241): warning C4305: “参数”: 从“double”到“float”截断
     1>game.cpp(257): warning C4305: “参数”: 从“double”到“float”截断
     1>game.cpp(266): warning C4305: “参数”: 从“double”到“float”截断
     1>game.cpp(270): warning C4305: “参数”: 从“double”到“float”截断
     1>game.cpp(276): warning C4305: “参数”: 从“double”到“float”截断
     1>game.cpp(292): warning C4305: “参数”: 从“double”到“float”截断
     1>game.cpp(302): warning C4305: “参数”: 从“double”到“float”截断
     1>game.cpp(318): warning C4305: “参数”: 从“double”到“float”截断
     1>game.cpp(325): warning C4305: “参数”: 从“double”到“float”截断
     1>game.cpp(331): warning C4305: “参数”: 从“double”到“float”截断
     1>game.cpp(347): warning C4305: “参数”: 从“double”到“float”截断
     1>game.cpp(357): warning C4305: “参数”: 从“double”到“float”截断
     1>game.cpp(361): warning C4305: “参数”: 从“double”到“float”截断
     1>game.cpp(367): warning C4305: “参数”: 从“double”到“float”截断
     1>game.cpp(383): warning C4305: “参数”: 从“double”到“float”截断
     1>game.cpp(392): warning C4305: “参数”: 从“double”到“float”截断
     1>game.cpp(408): warning C4305: “参数”: 从“double”到“float”截断
     1>game.cpp(418): warning C4305: “参数”: 从“double”到“float”截断
     1>game.cpp(434): warning C4305: “参数”: 从“double”到“float”截断
     1>game.cpp(441): warning C4305: “参数”: 从“double”到“float”截断
     1>game.cpp(447): warning C4305: “参数”: 从“double”到“float”截断
     1>game.cpp(463): warning C4305: “参数”: 从“double”到“float”截断
     1>game.cpp(496): warning C4244: “初始化”: 从“LONG”转换到“float”，可能丢失数据
     1>game.cpp(497): warning C4244: “初始化”: 从“LONG”转换到“float”，可能丢失数据
     1>game.cpp(499): warning C4244: “参数”: 从“double”转换到“float”，可能丢失数据
         gameEngine.cpp
     1>e:\dxsdk\include\d3d9types.h(1385): warning C4819: 该文件包含不能在当前代码页(936)中表示的字符。请将该文件保存为 Unicode 格式以防止数据丢失
         E:\DXSDK\Include\dinput.h: DIRECTINPUT_VERSION undefined. Defaulting to version 0x0800
     1>e:\dxsdk\include\dmerror.h(12): warning C4005: “FACILITY_DIRECTMUSIC”: 宏重定义
                 C:\Program Files\Windows Kits\8.1\Include\shared\winerror.h(162) : 参见“FACILITY_DIRECTMUSIC”的前一个定义
         level.cpp
     1>e:\dxsdk\include\d3d9types.h(1385): warning C4819: 该文件包含不能在当前代码页(936)中表示的字符。请将该文件保存为 Unicode 格式以防止数据丢失
         E:\DXSDK\Include\dinput.h: DIRECTINPUT_VERSION undefined. Defaulting to version 0x0800
     1>e:\dxsdk\include\dmerror.h(12): warning C4005: “FACILITY_DIRECTMUSIC”: 宏重定义
                 C:\Program Files\Windows Kits\8.1\Include\shared\winerror.h(162) : 参见“FACILITY_DIRECTMUSIC”的前一个定义
     1>level.cpp(41): warning C4996: 'stricmp': The POSIX name for this item is deprecated. Instead, use the ISO C++ conformant name: _stricmp. See online help for details.
                 C:\Program Files\Microsoft Visual Studio 12.0\VC\include\string.h(253) : 参见“stricmp”的声明
     1>level.cpp(42): warning C4996: 'stricmp': The POSIX name for this item is deprecated. Instead, use the ISO C++ conformant name: _stricmp. See online help for details.
                 C:\Program Files\Microsoft Visual Studio 12.0\VC\include\string.h(253) : 参见“stricmp”的声明
     1>level.cpp(43): warning C4996: 'stricmp': The POSIX name for this item is deprecated. Instead, use the ISO C++ conformant name: _stricmp. See online help for details.
                 C:\Program Files\Microsoft Visual Studio 12.0\VC\include\string.h(253) : 参见“stricmp”的声明
     1>level.cpp(47): warning C4996: 'stricmp': The POSIX name for this item is deprecated. Instead, use the ISO C++ conformant name: _stricmp. See online help for details.
                 C:\Program Files\Microsoft Visual Studio 12.0\VC\include\string.h(253) : 参见“stricmp”的声明
     1>level.cpp(51): warning C4996: 'stricmp': The POSIX name for this item is deprecated. Instead, use the ISO C++ conformant name: _stricmp. See online help for details.
                 C:\Program Files\Microsoft Visual Studio 12.0\VC\include\string.h(253) : 参见“stricmp”的声明
     1>level.cpp(55): warning C4996: 'stricmp': The POSIX name for this item is deprecated. Instead, use the ISO C++ conformant name: _stricmp. See online help for details.
                 C:\Program Files\Microsoft Visual Studio 12.0\VC\include\string.h(253) : 参见“stricmp”的声明
     1>level.cpp(59): warning C4996: 'stricmp': The POSIX name for this item is deprecated. Instead, use the ISO C++ conformant name: _stricmp. See online help for details.
                 C:\Program Files\Microsoft Visual Studio 12.0\VC\include\string.h(253) : 参见“stricmp”的声明
     1>level.cpp(60): warning C4996: 'stricmp': The POSIX name for this item is deprecated. Instead, use the ISO C++ conformant name: _stricmp. See online help for details.
                 C:\Program Files\Microsoft Visual Studio 12.0\VC\include\string.h(253) : 参见“stricmp”的声明
     1>level.cpp(61): warning C4996: 'stricmp': The POSIX name for this item is deprecated. Instead, use the ISO C++ conformant name: _stricmp. See online help for details.
                 C:\Program Files\Microsoft Visual Studio 12.0\VC\include\string.h(253) : 参见“stricmp”的声明
     1>level.cpp(93): warning C4996: 'stricmp': The POSIX name for this item is deprecated. Instead, use the ISO C++ conformant name: _stricmp. See online help for details.
                 C:\Program Files\Microsoft Visual Studio 12.0\VC\include\string.h(253) : 参见“stricmp”的声明
     1>level.cpp(108): warning C4996: 'stricmp': The POSIX name for this item is deprecated. Instead, use the ISO C++ conformant name: _stricmp. See online help for details.
                 C:\Program Files\Microsoft Visual Studio 12.0\VC\include\string.h(253) : 参见“stricmp”的声明
     1>level.cpp(123): warning C4996: 'stricmp': The POSIX name for this item is deprecated. Instead, use the ISO C++ conformant name: _stricmp. See online help for details.
                 C:\Program Files\Microsoft Visual Studio 12.0\VC\include\string.h(253) : 参见“stricmp”的声明
     1>level.cpp(144): warning C4996: 'stricmp': The POSIX name for this item is deprecated. Instead, use the ISO C++ conformant name: _stricmp. See online help for details.
                 C:\Program Files\Microsoft Visual Studio 12.0\VC\include\string.h(253) : 参见“stricmp”的声明
     1>level.cpp(165): warning C4996: 'stricmp': The POSIX name for this item is deprecated. Instead, use the ISO C++ conformant name: _stricmp. See online help for details.
                 C:\Program Files\Microsoft Visual Studio 12.0\VC\include\string.h(253) : 参见“stricmp”的声明
     1>level.cpp(186): warning C4996: 'stricmp': The POSIX name for this item is deprecated. Instead, use the ISO C++ conformant name: _stricmp. See online help for details.
                 C:\Program Files\Microsoft Visual Studio 12.0\VC\include\string.h(253) : 参见“stricmp”的声明
     1>level.cpp(187): warning C4996: 'stricmp': The POSIX name for this item is deprecated. Instead, use the ISO C++ conformant name: _stricmp. See online help for details.
                 C:\Program Files\Microsoft Visual Studio 12.0\VC\include\string.h(253) : 参见“stricmp”的声明
     1>level.cpp(200): warning C4996: 'stricmp': The POSIX name for this item is deprecated. Instead, use the ISO C++ conformant name: _stricmp. See online help for details.
                 C:\Program Files\Microsoft Visual Studio 12.0\VC\include\string.h(253) : 参见“stricmp”的声明
     1>level.cpp(221): warning C4996: 'stricmp': The POSIX name for this item is deprecated. Instead, use the ISO C++ conformant name: _stricmp. See online help for details.
                 C:\Program Files\Microsoft Visual Studio 12.0\VC\include\string.h(253) : 参见“stricmp”的声明
         main.cpp
     1>e:\dxsdk\include\d3d9types.h(1385): warning C4819: 该文件包含不能在当前代码页(936)中表示的字符。请将该文件保存为 Unicode 格式以防止数据丢失
         E:\DXSDK\Include\dinput.h: DIRECTINPUT_VERSION undefined. Defaulting to version 0x0800
     1>e:\dxsdk\include\dmerror.h(12): warning C4005: “FACILITY_DIRECTMUSIC”: 宏重定义
                 C:\Program Files\Windows Kits\8.1\Include\shared\winerror.h(162) : 参见“FACILITY_DIRECTMUSIC”的前一个定义
         menu.cpp
     1>e:\dxsdk\include\d3d9types.h(1385): warning C4819: 该文件包含不能在当前代码页(936)中表示的字符。请将该文件保存为 Unicode 格式以防止数据丢失
         E:\DXSDK\Include\dinput.h: DIRECTINPUT_VERSION undefined. Defaulting to version 0x0800
     1>e:\dxsdk\include\dmerror.h(12): warning C4005: “FACILITY_DIRECTMUSIC”: 宏重定义
                 C:\Program Files\Windows Kits\8.1\Include\shared\winerror.h(162) : 参见“FACILITY_DIRECTMUSIC”的前一个定义
       Link:
         C:\Program Files\Microsoft Visual Studio 12.0\VC\bin\link.exe /ERRORREPORT:PROMPT /OUT:"E:\GameDemo\Release\GameDemo.exe" /INCREMENTAL:NO /NOLOGO kernel32.lib user32.lib gdi32.lib winspool.lib comdlg32.lib advapi32.lib shell32.lib ole32.lib oleaut32.lib uuid.lib odbc32.lib odbccp32.lib /MANIFEST /MANIFESTUAC:"level='asInvoker' uiAccess='false'" /manifest:embed /DEBUG /PDB:"E:\GameDemo\Release\GameDemo.pdb" /SUBSYSTEM:WINDOWS /OPT:REF /OPT:ICF /LTCG /TLBID:1 /DYNAMICBASE /NXCOMPAT /IMPLIB:"E:\GameDemo\Release\GameDemo.lib" /MACHINE:X86 /SAFESEH Release\game.obj
         Release\gameEngine.obj
         Release\level.obj
         Release\main.obj
         Release\menu.obj
     1>StrandedEngine.lib(Camera.obj) : warning LNK4075: 忽略“/EDITANDCONTINUE”(由于“/OPT:ICF”规范)
     1>StrandedEngine.lib(CommandScript.obj) : error LNK2038: 检测到“_ITERATOR_DEBUG_LEVEL”的不匹配项:  值“2”不匹配值“0”(game.obj 中)
     1>StrandedEngine.lib(CommandScript.obj) : error LNK2038: 检测到“RuntimeLibrary”的不匹配项:  值“MDd_DynamicDebug”不匹配值“MD_DynamicRelease”(game.obj 中)
     1>StrandedEngine.lib(LogSystem.obj) : error LNK2038: 检测到“_ITERATOR_DEBUG_LEVEL”的不匹配项:  值“2”不匹配值“0”(game.obj 中)
     1>StrandedEngine.lib(LogSystem.obj) : error LNK2038: 检测到“RuntimeLibrary”的不匹配项:  值“MDd_DynamicDebug”不匹配值“MD_DynamicRelease”(game.obj 中)
     1>MSVCRT.lib(cinitexe.obj) : warning LNK4098: 默认库“msvcrtd.lib”与其他库的使用冲突；请使用 /NODEFAULTLIB:library
     1>E:\GameDemo\Release\GameDemo.exe : fatal error LNK1319: 检测到 4 个不匹配项
     1>已完成生成项目“E:\GameDemo\GameDemo\GameDemo.vcxproj”(Rebuild 个目标)的操作 - 失败。

生成失败。

已用时间 00:00:06.53
